C:\COLLEGE\SYSTEMS CAPSTONE\TEMP\TAGLIB-1.7\TAGLIB\TAG.DIR\RELEASE\TEXTIDENTIFICATIONFRAME.OBJ
C:\COLLEGE\SYSTEMS CAPSTONE\TEMP\TAGLIB-1.7\TAGLIB\TAG.DIR\RELEASE\RELATIVEVOLUMEFRAME.OBJ
C:\COLLEGE\SYSTEMS CAPSTONE\TEMP\TAGLIB-1.7\TAGLIB\TAG.DIR\RELEASE\PRIVATEFRAME.OBJ
C:\COLLEGE\SYSTEMS CAPSTONE\TEMP\TAGLIB-1.7\TAGLIB\TAG.DIR\RELEASE\POPULARIMETERFRAME.OBJ
C:\COLLEGE\SYSTEMS CAPSTONE\TEMP\TAGLIB-1.7\TAGLIB\TAG.DIR\RELEASE\GENERALENCAPSULATEDOBJECTFRAME.OBJ
C:\COLLEGE\SYSTEMS CAPSTONE\TEMP\TAGLIB-1.7\TAGLIB\TAG.DIR\RELEASE\COMMENTSFRAME.OBJ
C:\COLLEGE\SYSTEMS CAPSTONE\TEMP\TAGLIB-1.7\TAGLIB\TAG.DIR\RELEASE\ATTACHEDPICTUREFRAME.OBJ
C:\COLLEGE\SYSTEMS CAPSTONE\TEMP\TAGLIB-1.7\TAGLIB\TAG.DIR\RELEASE\ID3V2EXTENDEDHEADER.OBJ
C:\COLLEGE\SYSTEMS CAPSTONE\TEMP\TAGLIB-1.7\TAGLIB\TAG.DIR\RELEASE\ID3V2FOOTER.OBJ
C:\COLLEGE\SYSTEMS CAPSTONE\TEMP\TAGLIB-1.7\TAGLIB\TAG.DIR\RELEASE\ID3V2FRAME.OBJ
C:\COLLEGE\SYSTEMS CAPSTONE\TEMP\TAGLIB-1.7\TAGLIB\TAG.DIR\RELEASE\ID3V2HEADER.OBJ
C:\COLLEGE\SYSTEMS CAPSTONE\TEMP\TAGLIB-1.7\TAGLIB\TAG.DIR\RELEASE\ID3V2TAG.OBJ
C:\COLLEGE\SYSTEMS CAPSTONE\TEMP\TAGLIB-1.7\TAGLIB\TAG.DIR\RELEASE\ID3V2SYNCHDATA.OBJ
C:\COLLEGE\SYSTEMS CAPSTONE\TEMP\TAGLIB-1.7\TAGLIB\TAG.DIR\RELEASE\ID3V2FRAMEFACTORY.OBJ
C:\COLLEGE\SYSTEMS CAPSTONE\TEMP\TAGLIB-1.7\TAGLIB\TAG.DIR\RELEASE\ID3V1GENRES.OBJ
C:\COLLEGE\SYSTEMS CAPSTONE\TEMP\TAGLIB-1.7\TAGLIB\TAG.DIR\RELEASE\ID3V1TAG.OBJ
C:\COLLEGE\SYSTEMS CAPSTONE\TEMP\TAGLIB-1.7\TAGLIB\TAG.DIR\RELEASE\XINGHEADER.OBJ
C:\COLLEGE\SYSTEMS CAPSTONE\TEMP\TAGLIB-1.7\TAGLIB\TAG.DIR\RELEASE\MPEGHEADER.OBJ
C:\COLLEGE\SYSTEMS CAPSTONE\TEMP\TAGLIB-1.7\TAGLIB\TAG.DIR\RELEASE\MPEGPROPERTIES.OBJ
C:\COLLEGE\SYSTEMS CAPSTONE\TEMP\TAGLIB-1.7\TAGLIB\TAG.DIR\RELEASE\MPEGFILE.OBJ
C:\COLLEGE\SYSTEMS CAPSTONE\TEMP\TAGLIB-1.7\TAGLIB\TAG.DIR\RELEASE\TSTRINGLIST.OBJ
C:\COLLEGE\SYSTEMS CAPSTONE\TEMP\TAGLIB-1.7\TAGLIB\TAG.DIR\RELEASE\TSTRING.OBJ
C:\COLLEGE\SYSTEMS CAPSTONE\TEMP\TAGLIB-1.7\TAGLIB\TAG.DIR\RELEASE\APEPROPERTIES.OBJ
C:\COLLEGE\SYSTEMS CAPSTONE\TEMP\TAGLIB-1.7\TAGLIB\TAG.DIR\RELEASE\APEFILE.OBJ
C:\COLLEGE\SYSTEMS CAPSTONE\TEMP\TAGLIB-1.7\TAGLIB\TAG.DIR\RELEASE\APEITEM.OBJ
C:\COLLEGE\SYSTEMS CAPSTONE\TEMP\TAGLIB-1.7\TAGLIB\TAG.DIR\RELEASE\APEFOOTER.OBJ
C:\COLLEGE\SYSTEMS CAPSTONE\TEMP\TAGLIB-1.7\TAGLIB\TAG.DIR\RELEASE\APETAG.OBJ
C:\COLLEGE\SYSTEMS CAPSTONE\TEMP\TAGLIB-1.7\TAGLIB\TAG.DIR\RELEASE\MPCPROPERTIES.OBJ
C:\COLLEGE\SYSTEMS CAPSTONE\TEMP\TAGLIB-1.7\TAGLIB\TAG.DIR\RELEASE\MPCFILE.OBJ
C:\COLLEGE\SYSTEMS CAPSTONE\TEMP\TAGLIB-1.7\TAGLIB\TAG.DIR\RELEASE\OGGFLACFILE.OBJ
C:\COLLEGE\SYSTEMS CAPSTONE\TEMP\TAGLIB-1.7\TAGLIB\TAG.DIR\RELEASE\VORBISPROPERTIES.OBJ
C:\COLLEGE\SYSTEMS CAPSTONE\TEMP\TAGLIB-1.7\TAGLIB\TAG.DIR\RELEASE\VORBISFILE.OBJ
C:\COLLEGE\SYSTEMS CAPSTONE\TEMP\TAGLIB-1.7\TAGLIB\TAG.DIR\RELEASE\XIPHCOMMENT.OBJ
C:\COLLEGE\SYSTEMS CAPSTONE\TEMP\TAGLIB-1.7\TAGLIB\TAG.DIR\RELEASE\OGGPAGEHEADER.OBJ
C:\COLLEGE\SYSTEMS CAPSTONE\TEMP\TAGLIB-1.7\TAGLIB\TAG.DIR\RELEASE\OGGPAGE.OBJ
C:\COLLEGE\SYSTEMS CAPSTONE\TEMP\TAGLIB-1.7\TAGLIB\TAG.DIR\RELEASE\OGGFILE.OBJ
C:\COLLEGE\SYSTEMS CAPSTONE\TEMP\TAGLIB-1.7\TAGLIB\TAG.DIR\RELEASE\URLLINKFRAME.OBJ
C:\COLLEGE\SYSTEMS CAPSTONE\TEMP\TAGLIB-1.7\TAGLIB\TAG.DIR\RELEASE\UNSYNCHRONIZEDLYRICSFRAME.OBJ
C:\COLLEGE\SYSTEMS CAPSTONE\TEMP\TAGLIB-1.7\TAGLIB\TAG.DIR\RELEASE\UNKNOWNFRAME.OBJ
C:\COLLEGE\SYSTEMS CAPSTONE\TEMP\TAGLIB-1.7\TAGLIB\TAG.DIR\RELEASE\UNIQUEFILEIDENTIFIERFRAME.OBJ
C:\COLLEGE\SYSTEMS CAPSTONE\TEMP\TAGLIB-1.7\TAGLIB\TAG.DIR\RELEASE\WAVFILE.OBJ
C:\COLLEGE\SYSTEMS CAPSTONE\TEMP\TAGLIB-1.7\TAGLIB\TAG.DIR\RELEASE\AIFFPROPERTIES.OBJ
C:\COLLEGE\SYSTEMS CAPSTONE\TEMP\TAGLIB-1.7\TAGLIB\TAG.DIR\RELEASE\AIFFFILE.OBJ
C:\COLLEGE\SYSTEMS CAPSTONE\TEMP\TAGLIB-1.7\TAGLIB\TAG.DIR\RELEASE\RIFFFILE.OBJ
C:\COLLEGE\SYSTEMS CAPSTONE\TEMP\TAGLIB-1.7\TAGLIB\TAG.DIR\RELEASE\TRUEAUDIOPROPERTIES.OBJ
C:\COLLEGE\SYSTEMS CAPSTONE\TEMP\TAGLIB-1.7\TAGLIB\TAG.DIR\RELEASE\TRUEAUDIOFILE.OBJ
C:\COLLEGE\SYSTEMS CAPSTONE\TEMP\TAGLIB-1.7\TAGLIB\TAG.DIR\RELEASE\SPEEXPROPERTIES.OBJ
C:\COLLEGE\SYSTEMS CAPSTONE\TEMP\TAGLIB-1.7\TAGLIB\TAG.DIR\RELEASE\SPEEXFILE.OBJ
C:\COLLEGE\SYSTEMS CAPSTONE\TEMP\TAGLIB-1.7\TAGLIB\TAG.DIR\RELEASE\WAVPACKPROPERTIES.OBJ
C:\COLLEGE\SYSTEMS CAPSTONE\TEMP\TAGLIB-1.7\TAGLIB\TAG.DIR\RELEASE\WAVPACKFILE.OBJ
C:\COLLEGE\SYSTEMS CAPSTONE\TEMP\TAGLIB-1.7\TAGLIB\TAG.DIR\RELEASE\FLACUNKNOWNMETADATABLOCK.OBJ
C:\COLLEGE\SYSTEMS CAPSTONE\TEMP\TAGLIB-1.7\TAGLIB\TAG.DIR\RELEASE\FLACMETADATABLOCK.OBJ
C:\COLLEGE\SYSTEMS CAPSTONE\TEMP\TAGLIB-1.7\TAGLIB\TAG.DIR\RELEASE\FLACPROPERTIES.OBJ
C:\COLLEGE\SYSTEMS CAPSTONE\TEMP\TAGLIB-1.7\TAGLIB\TAG.DIR\RELEASE\FLACPICTURE.OBJ
C:\COLLEGE\SYSTEMS CAPSTONE\TEMP\TAGLIB-1.7\TAGLIB\TAG.DIR\RELEASE\FLACFILE.OBJ
C:\COLLEGE\SYSTEMS CAPSTONE\TEMP\TAGLIB-1.7\TAGLIB\TAG.DIR\RELEASE\UNICODE.OBJ
C:\COLLEGE\SYSTEMS CAPSTONE\TEMP\TAGLIB-1.7\TAGLIB\TAG.DIR\RELEASE\TDEBUG.OBJ
C:\COLLEGE\SYSTEMS CAPSTONE\TEMP\TAGLIB-1.7\TAGLIB\TAG.DIR\RELEASE\TFILE.OBJ
C:\COLLEGE\SYSTEMS CAPSTONE\TEMP\TAGLIB-1.7\TAGLIB\TAG.DIR\RELEASE\TBYTEVECTORLIST.OBJ
C:\COLLEGE\SYSTEMS CAPSTONE\TEMP\TAGLIB-1.7\TAGLIB\TAG.DIR\RELEASE\TBYTEVECTOR.OBJ
C:\COLLEGE\SYSTEMS CAPSTONE\TEMP\TAGLIB-1.7\TAGLIB\TAG.DIR\RELEASE\AUDIOPROPERTIES.OBJ
C:\COLLEGE\SYSTEMS CAPSTONE\TEMP\TAGLIB-1.7\TAGLIB\TAG.DIR\RELEASE\FILEREF.OBJ
C:\COLLEGE\SYSTEMS CAPSTONE\TEMP\TAGLIB-1.7\TAGLIB\TAG.DIR\RELEASE\TAGUNION.OBJ
C:\COLLEGE\SYSTEMS CAPSTONE\TEMP\TAGLIB-1.7\TAGLIB\TAG.DIR\RELEASE\TAG.OBJ
C:\COLLEGE\SYSTEMS CAPSTONE\TEMP\TAGLIB-1.7\TAGLIB\TAG.DIR\RELEASE\WAVPROPERTIES.OBJ
C:\COLLEGE\SYSTEMS CAPSTONE\TEMP\TAGLIB-1.7\TAGLIB\CMAKEFILES\GENERATE.STAMP
C:\COLLEGE\SYSTEMS CAPSTONE\TEMP\TAGLIB-1.7\TAGLIB\RELEASE\TAG.DLL
C:\College\Systems Capstone\temp\taglib-1.7\taglib\Release\tag.lib
C:\College\Systems Capstone\temp\taglib-1.7\taglib\Release\tag.exp
C:\College\Systems Capstone\temp\taglib-1.7\taglib\tag.dir\Release\aifffile.obj
C:\College\Systems Capstone\temp\taglib-1.7\taglib\tag.dir\Release\aiffproperties.obj
C:\College\Systems Capstone\temp\taglib-1.7\taglib\tag.dir\Release\apefile.obj
C:\College\Systems Capstone\temp\taglib-1.7\taglib\tag.dir\Release\apefooter.obj
C:\College\Systems Capstone\temp\taglib-1.7\taglib\tag.dir\Release\apeitem.obj
C:\College\Systems Capstone\temp\taglib-1.7\taglib\tag.dir\Release\apeproperties.obj
C:\College\Systems Capstone\temp\taglib-1.7\taglib\tag.dir\Release\apetag.obj
C:\College\Systems Capstone\temp\taglib-1.7\taglib\tag.dir\Release\attachedpictureframe.obj
C:\College\Systems Capstone\temp\taglib-1.7\taglib\tag.dir\Release\audioproperties.obj
C:\College\Systems Capstone\temp\taglib-1.7\taglib\tag.dir\Release\commentsframe.obj
C:\College\Systems Capstone\temp\taglib-1.7\taglib\tag.dir\Release\fileref.obj
C:\College\Systems Capstone\temp\taglib-1.7\taglib\tag.dir\Release\flacfile.obj
C:\College\Systems Capstone\temp\taglib-1.7\taglib\tag.dir\Release\flacmetadatablock.obj
C:\College\Systems Capstone\temp\taglib-1.7\taglib\tag.dir\Release\flacpicture.obj
C:\College\Systems Capstone\temp\taglib-1.7\taglib\tag.dir\Release\flacproperties.obj
C:\College\Systems Capstone\temp\taglib-1.7\taglib\tag.dir\Release\flacunknownmetadatablock.obj
C:\College\Systems Capstone\temp\taglib-1.7\taglib\tag.dir\Release\generalencapsulatedobjectframe.obj
C:\College\Systems Capstone\temp\taglib-1.7\taglib\tag.dir\Release\id3v1genres.obj
C:\College\Systems Capstone\temp\taglib-1.7\taglib\tag.dir\Release\id3v1tag.obj
C:\College\Systems Capstone\temp\taglib-1.7\taglib\tag.dir\Release\id3v2extendedheader.obj
C:\College\Systems Capstone\temp\taglib-1.7\taglib\tag.dir\Release\id3v2footer.obj
C:\College\Systems Capstone\temp\taglib-1.7\taglib\tag.dir\Release\id3v2frame.obj
C:\College\Systems Capstone\temp\taglib-1.7\taglib\tag.dir\Release\id3v2framefactory.obj
C:\College\Systems Capstone\temp\taglib-1.7\taglib\tag.dir\Release\id3v2header.obj
C:\College\Systems Capstone\temp\taglib-1.7\taglib\tag.dir\Release\id3v2synchdata.obj
C:\College\Systems Capstone\temp\taglib-1.7\taglib\tag.dir\Release\id3v2tag.obj
C:\College\Systems Capstone\temp\taglib-1.7\taglib\tag.dir\Release\mpcfile.obj
C:\College\Systems Capstone\temp\taglib-1.7\taglib\tag.dir\Release\mpcproperties.obj
C:\College\Systems Capstone\temp\taglib-1.7\taglib\tag.dir\Release\mpegfile.obj
C:\College\Systems Capstone\temp\taglib-1.7\taglib\tag.dir\Release\mpegheader.obj
C:\College\Systems Capstone\temp\taglib-1.7\taglib\tag.dir\Release\mpegproperties.obj
C:\College\Systems Capstone\temp\taglib-1.7\taglib\tag.dir\Release\oggfile.obj
C:\College\Systems Capstone\temp\taglib-1.7\taglib\tag.dir\Release\oggflacfile.obj
C:\College\Systems Capstone\temp\taglib-1.7\taglib\tag.dir\Release\oggpage.obj
C:\College\Systems Capstone\temp\taglib-1.7\taglib\tag.dir\Release\oggpageheader.obj
C:\College\Systems Capstone\temp\taglib-1.7\taglib\tag.dir\Release\popularimeterframe.obj
C:\College\Systems Capstone\temp\taglib-1.7\taglib\tag.dir\Release\privateframe.obj
C:\College\Systems Capstone\temp\taglib-1.7\taglib\tag.dir\Release\relativevolumeframe.obj
C:\College\Systems Capstone\temp\taglib-1.7\taglib\tag.dir\Release\rifffile.obj
C:\College\Systems Capstone\temp\taglib-1.7\taglib\tag.dir\Release\speexfile.obj
C:\College\Systems Capstone\temp\taglib-1.7\taglib\tag.dir\Release\speexproperties.obj
C:\College\Systems Capstone\temp\taglib-1.7\taglib\tag.dir\Release\tag.obj
C:\College\Systems Capstone\temp\taglib-1.7\taglib\tag.dir\Release\tagunion.obj
C:\College\Systems Capstone\temp\taglib-1.7\taglib\tag.dir\Release\tbytevector.obj
C:\College\Systems Capstone\temp\taglib-1.7\taglib\tag.dir\Release\tbytevectorlist.obj
C:\College\Systems Capstone\temp\taglib-1.7\taglib\tag.dir\Release\tdebug.obj
C:\College\Systems Capstone\temp\taglib-1.7\taglib\tag.dir\Release\textidentificationframe.obj
C:\College\Systems Capstone\temp\taglib-1.7\taglib\tag.dir\Release\tfile.obj
C:\College\Systems Capstone\temp\taglib-1.7\taglib\tag.dir\Release\trueaudiofile.obj
C:\College\Systems Capstone\temp\taglib-1.7\taglib\tag.dir\Release\trueaudioproperties.obj
C:\College\Systems Capstone\temp\taglib-1.7\taglib\tag.dir\Release\tstring.obj
C:\College\Systems Capstone\temp\taglib-1.7\taglib\tag.dir\Release\tstringlist.obj
C:\College\Systems Capstone\temp\taglib-1.7\taglib\tag.dir\Release\unicode.obj
C:\College\Systems Capstone\temp\taglib-1.7\taglib\tag.dir\Release\uniquefileidentifierframe.obj
C:\College\Systems Capstone\temp\taglib-1.7\taglib\tag.dir\Release\unknownframe.obj
C:\College\Systems Capstone\temp\taglib-1.7\taglib\tag.dir\Release\unsynchronizedlyricsframe.obj
C:\College\Systems Capstone\temp\taglib-1.7\taglib\tag.dir\Release\urllinkframe.obj
C:\College\Systems Capstone\temp\taglib-1.7\taglib\tag.dir\Release\vorbisfile.obj
C:\College\Systems Capstone\temp\taglib-1.7\taglib\tag.dir\Release\vorbisproperties.obj
C:\College\Systems Capstone\temp\taglib-1.7\taglib\tag.dir\Release\wavfile.obj
C:\College\Systems Capstone\temp\taglib-1.7\taglib\tag.dir\Release\wavpackfile.obj
C:\College\Systems Capstone\temp\taglib-1.7\taglib\tag.dir\Release\wavpackproperties.obj
C:\College\Systems Capstone\temp\taglib-1.7\taglib\tag.dir\Release\wavproperties.obj
C:\College\Systems Capstone\temp\taglib-1.7\taglib\tag.dir\Release\xingheader.obj
C:\College\Systems Capstone\temp\taglib-1.7\taglib\tag.dir\Release\xiphcomment.obj
C:\College\Systems Capstone\temp\taglib-1.7\taglib\tag.dir\Release\cl.command.1.tlog
C:\College\Systems Capstone\temp\taglib-1.7\taglib\tag.dir\Release\CL.read.1.tlog
C:\College\Systems Capstone\temp\taglib-1.7\taglib\tag.dir\Release\CL.write.1.tlog
C:\College\Systems Capstone\temp\taglib-1.7\taglib\tag.dir\Release\custombuild.command.1.tlog
C:\College\Systems Capstone\temp\taglib-1.7\taglib\tag.dir\Release\custombuild.read.1.tlog
C:\College\Systems Capstone\temp\taglib-1.7\taglib\tag.dir\Release\custombuild.write.1.tlog
C:\College\Systems Capstone\temp\taglib-1.7\taglib\tag.dir\Release\link-cvtres.read.1.tlog
C:\College\Systems Capstone\temp\taglib-1.7\taglib\tag.dir\Release\link-cvtres.write.1.tlog
C:\College\Systems Capstone\temp\taglib-1.7\taglib\tag.dir\Release\link-rc.read.1.tlog
C:\College\Systems Capstone\temp\taglib-1.7\taglib\tag.dir\Release\link-rc.write.1.tlog
C:\College\Systems Capstone\temp\taglib-1.7\taglib\tag.dir\Release\link.command.1.tlog
C:\College\Systems Capstone\temp\taglib-1.7\taglib\tag.dir\Release\link.read.1.tlog
C:\College\Systems Capstone\temp\taglib-1.7\taglib\tag.dir\Release\link.write.1.tlog
C:\College\Systems Capstone\temp\taglib-1.7\taglib\tag.dir\Release\tag.write.1.tlog
C:\College\Systems Capstone\temp\taglib-1.7\taglib\Release\tag.dll
