Build started 10/25/2014 7:53:31 PM.
     1>Project "C:\College\Systems Capstone\temp\taglib-1.7\bindings\c\tag_c.vcxproj" on node 2 (Build target(s)).
     1>CustomBuild:
         Building Custom Rule C:/College/Systems Capstone/temp/taglib-1.7/bindings/c/CMakeLists.txt
         CMake does not need to re-run because C:\College\Systems Capstone\temp\taglib-1.7\bindings\c\CMakeFiles\generate.stamp is up-to-date.
       ClCompile:
         C:\Program Files (x86)\Microsoft Visual Studio 11.0\VC\bin\CL.exe /c /I"C:\College\Systems Capstone\temp\taglib-1.7" /I"C:\College\Systems Capstone\temp\taglib-1.7\bindings\c\..\..\taglib" /I"C:\College\Systems Capstone\temp\taglib-1.7\bindings\c\..\..\taglib\toolkit" /I"C:\College\Systems Capstone\temp\taglib-1.7\bindings\c\..\..\taglib\asf" /I"C:\College\Systems Capstone\temp\taglib-1.7\bindings\c\..\..\taglib\mpeg" /I"C:\College\Systems Capstone\temp\taglib-1.7\bindings\c\..\..\taglib\ogg" /I"C:\College\Systems Capstone\temp\taglib-1.7\bindings\c\..\..\taglib\ogg\vorbis" /I"C:\College\Systems Capstone\temp\taglib-1.7\bindings\c\..\..\taglib\ogg\flac" /I"C:\College\Systems Capstone\temp\taglib-1.7\bindings\c\..\..\taglib\flac" /I"C:\College\Systems Capstone\temp\taglib-1.7\bindings\c\..\..\taglib\mpc" /I"C:\College\Systems Capstone\temp\taglib-1.7\bindings\c\..\..\taglib\mp4" /I"C:\College\Systems Capstone\temp\taglib-1.7\bindings\c\..\..\taglib\mpeg\id3v2" /I"C:\College\Systems Capstone\temp\taglib-1.7\bindings\c\..\..\taglib\mpeg\id3v2\frames" /I"C:\College\Systems Capstone\temp\taglib-1.7\bindings\c\..\..\taglib\wavpack" /I"C:\College\Systems Capstone\temp\taglib-1.7\bindings\c\..\..\taglib\ogg\speex" /I"C:\College\Systems Capstone\temp\taglib-1.7\bindings\c\..\..\taglib\trueaudio" /nologo /W3 /WX- /O2 /Ob2 /Oy- /D WIN32 /D _WINDOWS /D NDEBUG /D HAVE_CONFIG_H /D _CRT_SECURE_NO_DEPRECATE /D _CRT_NONSTDC_NO_DEPRECATE /D "CMAKE_INTDIR=\"Release\"" /D MAKE_TAGLIB_C_LIB /D _WINDLL /D _MBCS /Gm- /EHsc /MD /GS /fp:precise /Zc:wchar_t- /Zc:forScope /GR /Fo"tag_c.dir\Release\\" /Fd"tag_c.dir\Release\vc110.pdb" /Gd /TP /analyze- /errorReport:prompt tag_c.cpp
         tag_c.cpp
     1>C:\College\Systems Capstone\temp\taglib-1.7\bindings\c\..\..\taglib\toolkit\tfile.h(48): warning C4251: 'TagLib::FileName::m_name' : class 'std::basic_string<_Elem,_Traits,_Alloc>' needs to have dll-interface to be used by clients of class 'TagLib::FileName'
                 with
                 [
                     _Elem=char,
                     _Traits=std::char_traits<char>,
                     _Alloc=std::allocator<char>
                 ]
     1>C:\College\Systems Capstone\temp\taglib-1.7\bindings\c\..\..\taglib\toolkit\tfile.h(49): warning C4251: 'TagLib::FileName::m_wname' : class 'std::basic_string<_Elem,_Traits,_Alloc>' needs to have dll-interface to be used by clients of class 'TagLib::FileName'
                 with
                 [
                     _Elem=wchar_t,
                     _Traits=std::char_traits<wchar_t>,
                     _Alloc=std::allocator<wchar_t>
                 ]
     1>tag_c.cpp(53): warning C4800: 'int' : forcing value to bool 'true' or 'false' (performance warning)
     1>tag_c.cpp(58): warning C4800: 'int' : forcing value to bool 'true' or 'false' (performance warning)
       Link:
         C:\Program Files (x86)\Microsoft Visual Studio 11.0\VC\bin\link.exe /ERRORREPORT:PROMPT /OUT:"C:\College\Systems Capstone\temp\taglib-1.7\bindings\c\Release\tag_c.dll" /INCREMENTAL:NO /NOLOGO kernel32.lib user32.lib gdi32.lib winspool.lib shell32.lib ole32.lib oleaut32.lib uuid.lib comdlg32.lib advapi32.lib ..\..\taglib\Release\tag.lib /MANIFEST /MANIFESTUAC:"level='asInvoker' uiAccess='false'" /manifest:embed /PDB:"C:/College/Systems Capstone/temp/taglib-1.7/bindings/c/Release/tag_c.pdb" /SUBSYSTEM:CONSOLE /TLBID:1 /DYNAMICBASE /NXCOMPAT /IMPLIB:"C:/College/Systems Capstone/temp/taglib-1.7/bindings/c/Release/tag_c.lib" /MACHINE:X86 /SAFESEH  /machine:X86 /DLL tag_c.dir\Release\tag_c.obj
            Creating library C:/College/Systems Capstone/temp/taglib-1.7/bindings/c/Release/tag_c.lib and object C:/College/Systems Capstone/temp/taglib-1.7/bindings/c/Release/tag_c.exp
         tag_c.vcxproj -> C:\College\Systems Capstone\temp\taglib-1.7\bindings\c\Release\tag_c.dll
     1>Done Building Project "C:\College\Systems Capstone\temp\taglib-1.7\bindings\c\tag_c.vcxproj" (Build target(s)).

Build succeeded.

Time Elapsed 00:00:00.86
