C:\COLLEGE\SYSTEMS CAPSTONE\TEMP\ECHOPRINT-CODEGEN-MASTER\WINDOWS\RELEASE\WHITENING.OBJ
C:\COLLEGE\SYSTEMS CAPSTONE\TEMP\ECHOPRINT-CODEGEN-MASTER\WINDOWS\RELEASE\SUBBANDANALYSIS.OBJ
C:\COLLEGE\SYSTEMS CAPSTONE\TEMP\ECHOPRINT-CODEGEN-MASTER\WINDOWS\RELEASE\METADATA.OBJ
C:\COLLEGE\SYSTEMS CAPSTONE\TEMP\ECHOPRINT-CODEGEN-MASTER\WINDOWS\RELEASE\MATRIXUTILITY.OBJ
C:\COLLEGE\SYSTEMS CAPSTONE\TEMP\ECHOPRINT-CODEGEN-MASTER\WINDOWS\RELEASE\MAIN.OBJ
C:\COLLEGE\SYSTEMS CAPSTONE\TEMP\ECHOPRINT-CODEGEN-MASTER\WINDOWS\RELEASE\FINGERPRINT.OBJ
C:\COLLEGE\SYSTEMS CAPSTONE\TEMP\ECHOPRINT-CODEGEN-MASTER\WINDOWS\RELEASE\CODEGEN.OBJ
C:\COLLEGE\SYSTEMS CAPSTONE\TEMP\ECHOPRINT-CODEGEN-MASTER\WINDOWS\RELEASE\BASE64.OBJ
C:\COLLEGE\SYSTEMS CAPSTONE\TEMP\ECHOPRINT-CODEGEN-MASTER\WINDOWS\RELEASE\AUDIOSTREAMINPUT.OBJ
C:\COLLEGE\SYSTEMS CAPSTONE\TEMP\ECHOPRINT-CODEGEN-MASTER\WINDOWS\RELEASE\AUDIOBUFFERINPUT.OBJ
C:\COLLEGE\SYSTEMS CAPSTONE\TEMP\ECHOPRINT-CODEGEN-MASTER\WINDOWS\RELEASE\VC110.PDB
C:\College\Systems Capstone\temp\echoprint-codegen-master\windows\Release\AudioBufferInput.obj
C:\College\Systems Capstone\temp\echoprint-codegen-master\windows\Release\AudioStreamInput.obj
C:\College\Systems Capstone\temp\echoprint-codegen-master\windows\Release\Base64.obj
C:\College\Systems Capstone\temp\echoprint-codegen-master\windows\Release\Codegen.obj
C:\College\Systems Capstone\temp\echoprint-codegen-master\windows\Release\Fingerprint.obj
C:\College\Systems Capstone\temp\echoprint-codegen-master\windows\Release\main.obj
C:\College\Systems Capstone\temp\echoprint-codegen-master\windows\Release\MatrixUtility.obj
C:\College\Systems Capstone\temp\echoprint-codegen-master\windows\Release\Metadata.obj
C:\College\Systems Capstone\temp\echoprint-codegen-master\windows\Release\SubbandAnalysis.obj
C:\College\Systems Capstone\temp\echoprint-codegen-master\windows\Release\Whitening.obj
C:\College\Systems Capstone\temp\echoprint-codegen-master\windows\Release\cl.command.1.tlog
C:\College\Systems Capstone\temp\echoprint-codegen-master\windows\Release\CL.read.1.tlog
C:\College\Systems Capstone\temp\echoprint-codegen-master\windows\Release\CL.write.1.tlog
C:\College\Systems Capstone\temp\echoprint-codegen-master\windows\Release\link.command.1.tlog
C:\College\Systems Capstone\temp\echoprint-codegen-master\windows\Release\link.read.1.tlog
C:\College\Systems Capstone\temp\echoprint-codegen-master\windows\Release\link.write.1.tlog
C:\College\Systems Capstone\temp\echoprint-codegen-master\windows\Release\vc110.pdb
