C:\COLLEGE\SYSTEMS CAPSTONE\TEMP\TAGLIB-1.7\CMAKEFILES\GENERATE.STAMP
C:\COLLEGE\SYSTEMS CAPSTONE\TEMP\TAGLIB-1.7\TAGLIB\CMAKEFILES\GENERATE.STAMP
C:\COLLEGE\SYSTEMS CAPSTONE\TEMP\TAGLIB-1.7\TAGLIB\TOOLKIT\CMAKEFILES\GENERATE.STAMP
C:\COLLEGE\SYSTEMS CAPSTONE\TEMP\TAGLIB-1.7\TAGLIB\ASF\CMAKEFILES\GENERATE.STAMP
C:\COLLEGE\SYSTEMS CAPSTONE\TEMP\TAGLIB-1.7\TAGLIB\MPEG\CMAKEFILES\GENERATE.STAMP
C:\COLLEGE\SYSTEMS CAPSTONE\TEMP\TAGLIB-1.7\TAGLIB\MPEG\ID3V1\CMAKEFILES\GENERATE.STAMP
C:\COLLEGE\SYSTEMS CAPSTONE\TEMP\TAGLIB-1.7\TAGLIB\MPEG\ID3V2\CMAKEFILES\GENERATE.STAMP
C:\COLLEGE\SYSTEMS CAPSTONE\TEMP\TAGLIB-1.7\TAGLIB\MPEG\ID3V2\FRAMES\CMAKEFILES\GENERATE.STAMP
C:\COLLEGE\SYSTEMS CAPSTONE\TEMP\TAGLIB-1.7\TAGLIB\OGG\CMAKEFILES\GENERATE.STAMP
C:\COLLEGE\SYSTEMS CAPSTONE\TEMP\TAGLIB-1.7\TAGLIB\OGG\VORBIS\CMAKEFILES\GENERATE.STAMP
C:\COLLEGE\SYSTEMS CAPSTONE\TEMP\TAGLIB-1.7\TAGLIB\OGG\SPEEX\CMAKEFILES\GENERATE.STAMP
C:\COLLEGE\SYSTEMS CAPSTONE\TEMP\TAGLIB-1.7\TAGLIB\OGG\FLAC\CMAKEFILES\GENERATE.STAMP
C:\COLLEGE\SYSTEMS CAPSTONE\TEMP\TAGLIB-1.7\TAGLIB\FLAC\CMAKEFILES\GENERATE.STAMP
C:\COLLEGE\SYSTEMS CAPSTONE\TEMP\TAGLIB-1.7\TAGLIB\APE\CMAKEFILES\GENERATE.STAMP
C:\COLLEGE\SYSTEMS CAPSTONE\TEMP\TAGLIB-1.7\TAGLIB\MPC\CMAKEFILES\GENERATE.STAMP
C:\COLLEGE\SYSTEMS CAPSTONE\TEMP\TAGLIB-1.7\TAGLIB\MP4\CMAKEFILES\GENERATE.STAMP
C:\COLLEGE\SYSTEMS CAPSTONE\TEMP\TAGLIB-1.7\TAGLIB\WAVPACK\CMAKEFILES\GENERATE.STAMP
C:\COLLEGE\SYSTEMS CAPSTONE\TEMP\TAGLIB-1.7\TAGLIB\TRUEAUDIO\CMAKEFILES\GENERATE.STAMP
C:\COLLEGE\SYSTEMS CAPSTONE\TEMP\TAGLIB-1.7\TAGLIB\RIFF\CMAKEFILES\GENERATE.STAMP
C:\COLLEGE\SYSTEMS CAPSTONE\TEMP\TAGLIB-1.7\TAGLIB\RIFF\AIFF\CMAKEFILES\GENERATE.STAMP
C:\COLLEGE\SYSTEMS CAPSTONE\TEMP\TAGLIB-1.7\TAGLIB\RIFF\WAV\CMAKEFILES\GENERATE.STAMP
C:\COLLEGE\SYSTEMS CAPSTONE\TEMP\TAGLIB-1.7\TESTS\CMAKEFILES\GENERATE.STAMP
C:\COLLEGE\SYSTEMS CAPSTONE\TEMP\TAGLIB-1.7\EXAMPLES\CMAKEFILES\GENERATE.STAMP
C:\COLLEGE\SYSTEMS CAPSTONE\TEMP\TAGLIB-1.7\BINDINGS\CMAKEFILES\GENERATE.STAMP
C:\COLLEGE\SYSTEMS CAPSTONE\TEMP\TAGLIB-1.7\BINDINGS\C\CMAKEFILES\GENERATE.STAMP
C:\College\Systems Capstone\temp\taglib-1.7\Win32\Release\ZERO_CHECK\custombuild.command.1.tlog
C:\College\Systems Capstone\temp\taglib-1.7\Win32\Release\ZERO_CHECK\custombuild.read.1.tlog
C:\College\Systems Capstone\temp\taglib-1.7\Win32\Release\ZERO_CHECK\custombuild.write.1.tlog
